<?xml version="1.0" encoding="UTF-8"?>
<testsuite xmlns:xsi="http://www.w3.org/2001/XMLSchema-instance" xsi:schemaLocation="https://maven.apache.org/surefire/maven-surefire-plugin/xsd/surefire-test-report.xsd" name="com.ka.flooringorders.service.FlooringOrdersServiceImplTest" time="0.659" tests="8" errors="0" skipped="0" failures="0">
  <properties>
[...]
</properties>
  <testcase name="testGetOrder" classname="com.ka.flooringorders.service.FlooringOrdersServiceImplTest" time="0.001"/>
  <testcase name="testRemoveOrder" classname="com.ka.flooringorders.service.FlooringOrdersServiceImplTest" time="0.002"/>
  <testcase name="testAddInvalidStateOrder" classname="com.ka.flooringorders.service.FlooringOrdersServiceImplTest" time="0.001"/>
  <testcase name="testAddInvalidCustomerOrder" classname="com.ka.flooringorders.service.FlooringOrdersServiceImplTest" time="0.001"/>
  <testcase name="testAddInvalidProductOrder" classname="com.ka.flooringorders.service.FlooringOrdersServiceImplTest" time="0.001"/>
  <testcase name="testGetOrdersByDate" classname="com.ka.flooringorders.service.FlooringOrdersServiceImplTest" time="0.001"/>
  <testcase name="testAddInvalidAreaOrder" classname="com.ka.flooringorders.service.FlooringOrdersServiceImplTest" time="0.001"/>
  <testcase name="testAddValidOrder" classname="com.ka.flooringorders.service.FlooringOrdersServiceImplTest" time="0.001"/>
</testsuite>